
> backend@1.0.0 dev
> nodemon src/server.js

[33m[nodemon] 3.1.14[39m
[33m[nodemon] to restart at any time, enter `rs`[39m
[33m[nodemon] watching path(s): *.*[39m
[33m[nodemon] watching extensions: js,mjs,cjs,json[39m
[32m[nodemon] starting `node src/server.js`[39m
[dotenv@17.3.1] injecting env (7) from .env -- tip: 🤖 agentic secret storage: https://dotenvx.com/as2

🩸 LifeLink API Server
   → Running on: http://localhost:5001
   → Health:     http://localhost:5001/api/health
   → Auth:       http://localhost:5001/api/auth

[32m[nodemon] restarting due to changes...[39m
[32m[nodemon] starting `node src/server.js`[39m
[dotenv@17.3.1] injecting env (7) from .env -- tip: 🛠️  run anywhere with `dotenvx run -- yourcommand`

🩸 LifeLink API Server
   → Running on: http://localhost:5001
   → Health:     http://localhost:5001/api/health
   → Auth:       http://localhost:5001/api/auth

[32m[nodemon] clean exit - waiting for changes before restart[39m
[32m[nodemon] restarting due to changes...[39m
[32m[nodemon] starting `node src/server.js`[39m
[dotenv@17.3.1] injecting env (7) from .env -- tip: ⚙️  write to custom object with { processEnv: myObject }

🩸 LifeLink API Server
   → Running on: http://localhost:5001
   → Health:     http://localhost:5001/api/health
   → Auth:       http://localhost:5001/api/auth

[32m[nodemon] restarting due to changes...[39m
[32m[nodemon] starting `node src/server.js`[39m
[dotenv@17.3.1] injecting env (7) from .env -- tip: ⚡️ secrets for agents: https://dotenvx.com/as2

🩸 LifeLink API Server
   → Running on: http://localhost:5001
   → Health:     http://localhost:5001/api/health
   → Auth:       http://localhost:5001/api/auth

[32m[nodemon] clean exit - waiting for changes before restart[39m
[32m[nodemon] restarting due to changes...[39m
[32m[nodemon] starting `node src/server.js`[39m
[dotenv@17.3.1] injecting env (7) from .env -- tip: ⚙️  suppress all logs with { quiet: true }

🩸 LifeLink API Server
   → Running on: http://localhost:5001
   → Health:     http://localhost:5001/api/health
   → Auth:       http://localhost:5001/api/auth

[32m[nodemon] restarting due to changes...[39m
[32m[nodemon] starting `node src/server.js`[39m
[dotenv@17.3.1] injecting env (7) from .env -- tip: ⚡️ secrets for agents: https://dotenvx.com/as2

🩸 LifeLink API Server
   → Running on: http://localhost:5001
   → Health:     http://localhost:5001/api/health
   → Auth:       http://localhost:5001/api/auth

[32m[nodemon] clean exit - waiting for changes before restart[39m
[32m[nodemon] restarting due to changes...[39m
[32m[nodemon] starting `node src/server.js`[39m
[dotenv@17.3.1] injecting env (7) from .env -- tip: ⚙️  load multiple .env files with { path: ['.env.local', '.env'] }

🩸 LifeLink API Server
   → Running on: http://localhost:5001
   → Health:     http://localhost:5001/api/health
   → Auth:       http://localhost:5001/api/auth

[32m[nodemon] restarting due to changes...[39m
[32m[nodemon] starting `node src/server.js`[39m
[dotenv@17.3.1] injecting env (7) from .env -- tip: 🛡️ auth for agents: https://vestauth.com

🩸 LifeLink API Server
   → Running on: http://localhost:5001
   → Health:     http://localhost:5001/api/health
   → Auth:       http://localhost:5001/api/auth

[32m[nodemon] clean exit - waiting for changes before restart[39m
[32m[nodemon] restarting due to changes...[39m
[32m[nodemon] starting `node src/server.js`[39m
[dotenv@17.3.1] injecting env (7) from .env -- tip: ⚙️  override existing env vars with { override: true }

🩸 LifeLink API Server
   → Running on: http://localhost:5001
   → Health:     http://localhost:5001/api/health
   → Auth:       http://localhost:5001/api/auth
   → Admin:      http://localhost:5001/api/admin
   → Donations:  http://localhost:5001/api/donations
   → Requests:   http://localhost:5001/api/requests

[32m[nodemon] restarting due to changes...[39m
[32m[nodemon] starting `node src/server.js`[39m
[dotenv@17.3.1] injecting env (7) from .env -- tip: ⚙️  write to custom object with { processEnv: myObject }

🩸 LifeLink API Server
   → Running on: http://localhost:5001
   → Health:     http://localhost:5001/api/health
   → Auth:       http://localhost:5001/api/auth
   → Admin:      http://localhost:5001/api/admin
   → Donations:  http://localhost:5001/api/donations
   → Requests:   http://localhost:5001/api/requests

[32m[nodemon] clean exit - waiting for changes before restart[39m
[32m[nodemon] restarting due to changes...[39m
[32m[nodemon] starting `node src/server.js`[39m
[dotenv@17.3.1] injecting env (7) from .env -- tip: 🔐 prevent committing .env to code: https://dotenvx.com/precommit

🩸 LifeLink API Server
   → Running on: http://localhost:5001
   → Health:     http://localhost:5001/api/health
   → Auth:       http://localhost:5001/api/auth
   → Admin:      http://localhost:5001/api/admin
   → Donations:  http://localhost:5001/api/donations
   → Requests:   http://localhost:5001/api/requests

[32m[nodemon] clean exit - waiting for changes before restart[39m
[32m[nodemon] restarting due to changes...[39m
[32m[nodemon] starting `node src/server.js`[39m
[dotenv@17.3.1] injecting env (7) from .env -- tip: ⚙️  suppress all logs with { quiet: true }

🩸 LifeLink API Server
   → Running on: http://localhost:5001
   → Health:     http://localhost:5001/api/health
   → Auth:       http://localhost:5001/api/auth
   → Admin:      http://localhost:5001/api/admin
   → Donations:  http://localhost:5001/api/donations
   → Requests:   http://localhost:5001/api/requests

[32m[nodemon] clean exit - waiting for changes before restart[39m
[32m[nodemon] restarting due to changes...[39m
[32m[nodemon] starting `node src/server.js`[39m
[dotenv@17.3.1] injecting env (7) from .env -- tip: 🔐 prevent committing .env to code: https://dotenvx.com/precommit

🩸 LifeLink API Server
   → Running on: http://localhost:5001
   → Health:     http://localhost:5001/api/health
   → Auth:       http://localhost:5001/api/auth
   → Admin:      http://localhost:5001/api/admin
   → Donations:  http://localhost:5001/api/donations
   → Requests:   http://localhost:5001/api/requests

[32m[nodemon] clean exit - waiting for changes before restart[39m
[32m[nodemon] restarting due to changes...[39m
[32m[nodemon] starting `node src/server.js`[39m
[32m[nodemon] restarting due to changes...[39m
[32m[nodemon] restarting due to changes...[39m
[32m[nodemon] restarting due to changes...[39m
[32m[nodemon] restarting due to changes...[39m
[32m[nodemon] restarting due to changes...[39m
[32m[nodemon] restarting due to changes...[39m
[32m[nodemon] restarting due to changes...[39m
[dotenv@17.3.1] injecting env (7) from .env -- tip: ⚡️ secrets for agents: https://dotenvx.com/as2
[32m[nodemon] restarting due to changes...[39m
[32m[nodemon] starting `node src/server.js`[39m
[dotenv@17.3.1] injecting env (7) from .env -- tip: 🔐 prevent committing .env to code: https://dotenvx.com/precommit

🩸 LifeLink API Server
   → Running on: http://localhost:5001
   → Health:     http://localhost:5001/api/health
   → Auth:       http://localhost:5001/api/auth

[32m[nodemon] clean exit - waiting for changes before restart[39m
[32m[nodemon] restarting due to changes...[39m
[32m[nodemon] starting `node src/server.js`[39m
[32m[nodemon] restarting due to changes...[39m
[32m[nodemon] restarting due to changes...[39m
[32m[nodemon] restarting due to changes...[39m
[32m[nodemon] restarting due to changes...[39m
[32m[nodemon] restarting due to changes...[39m
[32m[nodemon] restarting due to changes...[39m
[dotenv@17.3.1] injecting env (7) from .env -- tip: ⚙️  override existing env vars with { override: true }
[32m[nodemon] restarting due to changes...[39m
[32m[nodemon] restarting due to changes...[39m
[32m[nodemon] starting `node src/server.js`[39m
[dotenv@17.3.1] injecting env (7) from .env -- tip: ⚙️  enable debug logging with { debug: true }

🩸 LifeLink API Server
   → Running on: http://localhost:5001
   → Health:     http://localhost:5001/api/health
   → Auth:       http://localhost:5001/api/auth
   → Admin:      http://localhost:5001/api/admin
   → Donations:  http://localhost:5001/api/donations
   → Requests:   http://localhost:5001/api/requests

[32m[nodemon] clean exit - waiting for changes before restart[39m
[32m[nodemon] restarting due to changes...[39m
[32m[nodemon] starting `node src/server.js`[39m
[32m[nodemon] restarting due to changes...[39m
[32m[nodemon] restarting due to changes...[39m
[32m[nodemon] restarting due to changes...[39m
[32m[nodemon] restarting due to changes...[39m
[32m[nodemon] restarting due to changes...[39m
[32m[nodemon] restarting due to changes...[39m
[32m[nodemon] restarting due to changes...[39m
[32m[nodemon] restarting due to changes...[39m
[32m[nodemon] starting `node src/server.js`[39m
[dotenv@17.3.1] injecting env (7) from .env -- tip: 🛡️ auth for agents: https://vestauth.com

🩸 LifeLink API Server
   → Running on: http://localhost:5001
   → Health:     http://localhost:5001/api/health
   → Auth:       http://localhost:5001/api/auth

[32m[nodemon] clean exit - waiting for changes before restart[39m
[32m[nodemon] restarting due to changes...[39m
[32m[nodemon] starting `node src/server.js`[39m
[32m[nodemon] restarting due to changes...[39m
[32m[nodemon] restarting due to changes...[39m
[32m[nodemon] restarting due to changes...[39m
[32m[nodemon] restarting due to changes...[39m
[32m[nodemon] restarting due to changes...[39m
[32m[nodemon] restarting due to changes...[39m
[32m[nodemon] restarting due to changes...[39m
[32m[nodemon] restarting due to changes...[39m
[dotenv@17.3.1] injecting env (7) from .env -- tip: ⚡️ secrets for agents: https://dotenvx.com/as2
[32m[nodemon] starting `node src/server.js`[39m
[dotenv@17.3.1] injecting env (7) from .env -- tip: ⚙️  override existing env vars with { override: true }

🩸 LifeLink API Server
   → Running on: http://localhost:5001
   → Health:     http://localhost:5001/api/health
   → Auth:       http://localhost:5001/api/auth
   → Admin:      http://localhost:5001/api/admin
   → Donations:  http://localhost:5001/api/donations
   → Requests:   http://localhost:5001/api/requests

[32m[nodemon] clean exit - waiting for changes before restart[39m
